<?xml version="1.0" encoding="UTF-8"?>
<!-- Generated by org.testng.reporters.JUnitReportReporter -->
<testsuite hostname="DESKTOP-2JGS9J8" failures="0" tests="5" name="novembermonth.TestNG5" time="0.029" errors="0" timestamp="2025-11-26T23:15:45 IST" skipped="1">
  <testcase classname="novembermonth.TestNG5" name="a" time="0.007"/>
  <testcase classname="novembermonth.TestNG5" name="c" time="0.004"/>
  <testcase classname="novembermonth.TestNG5" name="c" time="0.004"/>
  <testcase classname="novembermonth.TestNG5" name="d" time="0.014"/>
  <testcase classname="novembermonth.TestNG5" name="b">
    <skipped/>
  </testcase> <!-- b -->
</testsuite> <!-- novembermonth.TestNG5 -->
