<?xml version="1.0" encoding="UTF-8"?>
<!-- Generated by org.testng.reporters.JUnitReportReporter -->
<testsuite hostname="DESKTOP-2JGS9J8" failures="0" tests="4" name="novembermonth.TestNG3" time="0.026" errors="0" timestamp="2025-11-26T23:15:45 IST" skipped="0">
  <testcase classname="novembermonth.TestNG3" name="a" time="0.006"/>
  <testcase classname="novembermonth.TestNG3" name="d" time="0.005"/>
  <testcase classname="novembermonth.TestNG3" name="c" time="0.005"/>
  <testcase classname="novembermonth.TestNG3" name="b" time="0.010"/>
</testsuite> <!-- novembermonth.TestNG3 -->
