<?xml version="1.0" encoding="UTF-8"?>
<!-- Generated by org.testng.reporters.JUnitReportReporter -->
<testsuite hostname="DESKTOP-2JGS9J8" failures="0" tests="3" name="novembermonth.TestNG" time="0.015" errors="0" timestamp="2025-11-26T23:15:45 IST" skipped="0">
  <testcase classname="novembermonth.TestNG" name="a2" time="0.005"/>
  <testcase classname="novembermonth.TestNG" name="A1" time="0.004"/>
  <testcase classname="novembermonth.TestNG" name="a1" time="0.006"/>
</testsuite> <!-- novembermonth.TestNG -->
