<?xml version="1.0" encoding="UTF-8"?>
<!-- Generated by org.testng.reporters.JUnitReportReporter -->
<testsuite hostname="DESKTOP-2JGS9J8" failures="0" tests="4" name="novembermonth.TestNG2" time="0.048" errors="0" timestamp="2025-11-26T23:15:45 IST" skipped="0">
  <testcase classname="novembermonth.TestNG2" name="a1" time="0.031"/>
  <testcase classname="novembermonth.TestNG2" name="z" time="0.006"/>
  <testcase classname="novembermonth.TestNG2" name="ab" time="0.005"/>
  <testcase classname="novembermonth.TestNG2" name="a3" time="0.006"/>
</testsuite> <!-- novembermonth.TestNG2 -->
