<?xml version="1.0" encoding="UTF-8"?>
<!-- Generated by org.testng.reporters.JUnitReportReporter -->
<testsuite hostname="DESKTOP-2JGS9J8" failures="0" tests="7" name="novembermonth.TestNG7" time="0.018" errors="0" timestamp="2025-11-26T23:15:45 IST" skipped="0">
  <testcase classname="novembermonth.TestNG7" name="a" time="0.006"/>
  <testcase classname="novembermonth.TestNG7" name="g" time="0.001"/>
  <testcase classname="novembermonth.TestNG7" name="c" time="0.003"/>
  <testcase classname="novembermonth.TestNG7" name="f" time="0.001"/>
  <testcase classname="novembermonth.TestNG7" name="b" time="0.003"/>
  <testcase classname="novembermonth.TestNG7" name="d" time="0.002"/>
  <testcase classname="novembermonth.TestNG7" name="e" time="0.002"/>
</testsuite> <!-- novembermonth.TestNG7 -->
