<?xml version="1.0" encoding="UTF-8"?>
<!-- Generated by org.testng.reporters.JUnitReportReporter -->
<testsuite hostname="DESKTOP-2JGS9J8" failures="0" tests="5" name="novembermonth.TestNG4" time="0.031" errors="0" timestamp="2025-11-26T23:15:45 IST" skipped="2">
  <testcase classname="novembermonth.TestNG4" name="d" time="0.002"/>
  <testcase classname="novembermonth.TestNG4" name="c" time="0.012"/>
  <testcase classname="novembermonth.TestNG4" name="f" time="0.010">
    <skipped/>
  </testcase> <!-- f -->
  <testcase classname="novembermonth.TestNG4" name="d" time="0.007"/>
  <testcase classname="novembermonth.TestNG4" name="b">
    <skipped/>
  </testcase> <!-- b -->
</testsuite> <!-- novembermonth.TestNG4 -->
