<?xml version="1.0" encoding="UTF-8"?>
<!-- Generated by org.testng.reporters.JUnitXMLReporter -->
<testsuite ignored="2" hostname="DESKTOP-2JGS9J8" failures="3" tests="32" name="Test" time="22.728" errors="0" timestamp="2025-11-26T23:15:45 IST">
  <testcase classname="novembermonth.TestNG2" name="a1" time="0.031"/>
  <testcase classname="novembermonth.TestNG2" name="a3" time="0.006"/>
  <testcase classname="novembermonth.TestNG2" name="ab" time="0.005"/>
  <testcase classname="novembermonth.TestNG2" name="z" time="0.006"/>
  <testcase classname="novembermonth.TestNG4" name="c" time="0.012"/>
  <testcase classname="novembermonth.TestNG4" name="d" time="0.007"/>
  <testcase classname="novembermonth.TestNG4" name="d" time="0.002"/>
  <testcase classname="novembermonth.TestNG4" name="f" time="0.01">
    <skipped/>
  </testcase> <!-- f -->
  <testcase classname="novembermonth.TestNG3" name="a" time="0.006"/>
  <testcase classname="novembermonth.TestNG3" name="d" time="0.005"/>
  <testcase classname="novembermonth.TestNG3" name="c" time="0.005"/>
  <testcase classname="novembermonth.TestNG3" name="b" time="0.01"/>
  <testcase classname="novembermonth.TestNG6" name="a" time="0.02">
    <failure type="java.lang.AssertionError" message="expected [true] but found [false]">
      <![CDATA[java.lang.AssertionError: expected [true] but found [false]
at novembermonth.TestNG6.a(TestNG6.java:16)
at java.base/java.util.ArrayList.forEach(ArrayList.java:1596)
... Removed 29 stack frames]]>
    </failure>
  </testcase> <!-- a -->
  <testcase classname="novembermonth.TestNG6" name="z" time="0.007"/>
  <testcase classname="novembermonth.TestNG6" name="b" time="0.001">
    <skipped/>
  </testcase> <!-- b -->
  <testcase classname="novembermonth.TestNG5" name="a" time="0.007"/>
  <testcase classname="novembermonth.TestNG5" name="c" time="0.004"/>
  <testcase classname="novembermonth.TestNG5" name="c" time="0.004"/>
  <testcase classname="novembermonth.TestNG5" name="d" time="0.014"/>
  <testcase classname="novembermonth.TestNG8" name="enterData" time="8.826"/>
  <testcase classname="novembermonth.TestNG8" name="enterData" time="4.366">
    <failure type="org.openqa.selenium.NoSuchSessionException" message="invalid session id: session deleted as the browser has closed the connection
from disconnected: not connected to DevTools
  (Session info: chrome=142.0.7444.176)
Build info: version: &amp;apos;4.38.0&amp;apos;, revision: &amp;apos;6b412e825c&amp;apos;
System info: os.name: &amp;apos;Windows 11&amp;apos;, os.arch: &amp;apos;amd64&amp;apos;, os.version: &amp;apos;10.0&amp;apos;, java.version: &amp;apos;21.0.8&amp;apos;
Driver info: org.openqa.selenium.chrome.ChromeDriver
Command: [91afa13e1b182b17c04ddd5997bcf428, findElement {using=id, value=pass}]
Capabilities {acceptInsecureCerts: false, browserName: chrome, browserVersion: 142.0.7444.176, chrome: {chromedriverVersion: 142.0.7444.175 (302067f14a4..., userDataDir: C:\Users\Rishikesh\AppData\...}, fedcm:accounts: true, goog:chromeOptions: {debuggerAddress: localhost:53025}, goog:processID: 20392, networkConnectionEnabled: false, pageLoadStrategy: normal, platformName: windows, proxy: Proxy(), se:cdp: ws://localhost:53025/devtoo..., se:cdpVersion: 142.0.7444.176, setWindowRect: true, strictFileInteractability: false, timeouts: {implicit: 0, pageLoad: 300000, script: 30000}, unhandledPromptBehavior: dismiss and notify, webauthn:extension:credBlob: true, webauthn:extension:largeBlob: true, webauthn:extension:minPinLength: true, webauthn:extension:prf: true, webauthn:virtualAuthenticators: true}
Session ID: 91afa13e1b182b17c04ddd5997bcf428">
      <![CDATA[org.openqa.selenium.NoSuchSessionException: invalid session id: session deleted as the browser has closed the connection
from disconnected: not connected to DevTools
  (Session info: chrome=142.0.7444.176)
Build info: version: '4.38.0', revision: '6b412e825c'
System info: os.name: 'Windows 11', os.arch: 'amd64', os.version: '10.0', java.version: '21.0.8'
Driver info: org.openqa.selenium.chrome.ChromeDriver
Command: [91afa13e1b182b17c04ddd5997bcf428, findElement {using=id, value=pass}]
Capabilities {acceptInsecureCerts: false, browserName: chrome, browserVersion: 142.0.7444.176, chrome: {chromedriverVersion: 142.0.7444.175 (302067f14a4..., userDataDir: C:\Users\Rishikesh\AppData\...}, fedcm:accounts: true, goog:chromeOptions: {debuggerAddress: localhost:53025}, goog:processID: 20392, networkConnectionEnabled: false, pageLoadStrategy: normal, platformName: windows, proxy: Proxy(), se:cdp: ws://localhost:53025/devtoo..., se:cdpVersion: 142.0.7444.176, setWindowRect: true, strictFileInteractability: false, timeouts: {implicit: 0, pageLoad: 300000, script: 30000}, unhandledPromptBehavior: dismiss and notify, webauthn:extension:credBlob: true, webauthn:extension:largeBlob: true, webauthn:extension:minPinLength: true, webauthn:extension:prf: true, webauthn:virtualAuthenticators: true}
Session ID: 91afa13e1b182b17c04ddd5997bcf428
at org.openqa.selenium.remote.ErrorCodec.decode(ErrorCodec.java:167)
at org.openqa.selenium.remote.codec.w3c.W3CHttpResponseCodec.decode(W3CHttpResponseCodec.java:138)
at org.openqa.selenium.remote.codec.w3c.W3CHttpResponseCodec.decode(W3CHttpResponseCodec.java:50)
at org.openqa.selenium.remote.HttpCommandExecutor.execute(HttpCommandExecutor.java:215)
at org.openqa.selenium.remote.service.DriverCommandExecutor.invokeExecute(DriverCommandExecutor.java:216)
at org.openqa.selenium.remote.service.DriverCommandExecutor.execute(DriverCommandExecutor.java:174)
at org.openqa.selenium.remote.RemoteWebDriver.execute(RemoteWebDriver.java:557)
at org.openqa.selenium.remote.ElementLocation$ElementFinder$2.findElement(ElementLocation.java:165)
at org.openqa.selenium.remote.ElementLocation.findElement(ElementLocation.java:59)
at org.openqa.selenium.remote.RemoteWebDriver.findElement(RemoteWebDriver.java:380)
at org.openqa.selenium.remote.RemoteWebDriver.findElement(RemoteWebDriver.java:374)
at novembermonth.TestNG8.enterData(TestNG8.java:55)
at java.base/java.util.ArrayList.forEach(ArrayList.java:1596)
... Removed 28 stack frames]]>
    </failure>
  </testcase> <!-- enterData -->
  <testcase classname="novembermonth.TestNG8" name="enterData" time="2.029">
    <failure type="org.openqa.selenium.NoSuchSessionException" message="invalid session id
Build info: version: &amp;apos;4.38.0&amp;apos;, revision: &amp;apos;6b412e825c&amp;apos;
System info: os.name: &amp;apos;Windows 11&amp;apos;, os.arch: &amp;apos;amd64&amp;apos;, os.version: &amp;apos;10.0&amp;apos;, java.version: &amp;apos;21.0.8&amp;apos;
Driver info: org.openqa.selenium.chrome.ChromeDriver
Command: [91afa13e1b182b17c04ddd5997bcf428, findElement {using=id, value=email}]
Capabilities {acceptInsecureCerts: false, browserName: chrome, browserVersion: 142.0.7444.176, chrome: {chromedriverVersion: 142.0.7444.175 (302067f14a4..., userDataDir: C:\Users\Rishikesh\AppData\...}, fedcm:accounts: true, goog:chromeOptions: {debuggerAddress: localhost:53025}, goog:processID: 20392, networkConnectionEnabled: false, pageLoadStrategy: normal, platformName: windows, proxy: Proxy(), se:cdp: ws://localhost:53025/devtoo..., se:cdpVersion: 142.0.7444.176, setWindowRect: true, strictFileInteractability: false, timeouts: {implicit: 0, pageLoad: 300000, script: 30000}, unhandledPromptBehavior: dismiss and notify, webauthn:extension:credBlob: true, webauthn:extension:largeBlob: true, webauthn:extension:minPinLength: true, webauthn:extension:prf: true, webauthn:virtualAuthenticators: true}
Session ID: 91afa13e1b182b17c04ddd5997bcf428">
      <![CDATA[org.openqa.selenium.NoSuchSessionException: invalid session id
Build info: version: '4.38.0', revision: '6b412e825c'
System info: os.name: 'Windows 11', os.arch: 'amd64', os.version: '10.0', java.version: '21.0.8'
Driver info: org.openqa.selenium.chrome.ChromeDriver
Command: [91afa13e1b182b17c04ddd5997bcf428, findElement {using=id, value=email}]
Capabilities {acceptInsecureCerts: false, browserName: chrome, browserVersion: 142.0.7444.176, chrome: {chromedriverVersion: 142.0.7444.175 (302067f14a4..., userDataDir: C:\Users\Rishikesh\AppData\...}, fedcm:accounts: true, goog:chromeOptions: {debuggerAddress: localhost:53025}, goog:processID: 20392, networkConnectionEnabled: false, pageLoadStrategy: normal, platformName: windows, proxy: Proxy(), se:cdp: ws://localhost:53025/devtoo..., se:cdpVersion: 142.0.7444.176, setWindowRect: true, strictFileInteractability: false, timeouts: {implicit: 0, pageLoad: 300000, script: 30000}, unhandledPromptBehavior: dismiss and notify, webauthn:extension:credBlob: true, webauthn:extension:largeBlob: true, webauthn:extension:minPinLength: true, webauthn:extension:prf: true, webauthn:virtualAuthenticators: true}
Session ID: 91afa13e1b182b17c04ddd5997bcf428
at org.openqa.selenium.remote.ErrorCodec.decode(ErrorCodec.java:167)
at org.openqa.selenium.remote.codec.w3c.W3CHttpResponseCodec.decode(W3CHttpResponseCodec.java:138)
at org.openqa.selenium.remote.codec.w3c.W3CHttpResponseCodec.decode(W3CHttpResponseCodec.java:50)
at org.openqa.selenium.remote.HttpCommandExecutor.execute(HttpCommandExecutor.java:215)
at org.openqa.selenium.remote.service.DriverCommandExecutor.invokeExecute(DriverCommandExecutor.java:216)
at org.openqa.selenium.remote.service.DriverCommandExecutor.execute(DriverCommandExecutor.java:174)
at org.openqa.selenium.remote.RemoteWebDriver.execute(RemoteWebDriver.java:557)
at org.openqa.selenium.remote.ElementLocation$ElementFinder$2.findElement(ElementLocation.java:165)
at org.openqa.selenium.remote.ElementLocation.findElement(ElementLocation.java:59)
at org.openqa.selenium.remote.RemoteWebDriver.findElement(RemoteWebDriver.java:380)
at org.openqa.selenium.remote.RemoteWebDriver.findElement(RemoteWebDriver.java:374)
at novembermonth.TestNG8.enterData(TestNG8.java:53)
at java.base/java.util.ArrayList.forEach(ArrayList.java:1596)
... Removed 28 stack frames]]>
    </failure>
  </testcase> <!-- enterData -->
  <testcase classname="novembermonth.TestNG7" name="a" time="0.006"/>
  <testcase classname="novembermonth.TestNG7" name="b" time="0.003"/>
  <testcase classname="novembermonth.TestNG7" name="c" time="0.003"/>
  <testcase classname="novembermonth.TestNG7" name="d" time="0.002"/>
  <testcase classname="novembermonth.TestNG7" name="e" time="0.002"/>
  <testcase classname="novembermonth.TestNG7" name="f" time="0.001"/>
  <testcase classname="novembermonth.TestNG7" name="g" time="0.001"/>
  <testcase classname="novembermonth.TestNG" name="A1" time="0.002"/>
  <testcase classname="novembermonth.TestNG" name="a1" time="0.003"/>
  <testcase classname="novembermonth.TestNG" name="a2" time="0.002"/>
  <testcase classname="novembermonth.TestNG4" name="b" time="0.0">
    <ignored/>
  </testcase> <!-- b -->
  <testcase classname="novembermonth.TestNG5" name="b" time="0.0">
    <ignored/>
  </testcase> <!-- b -->
</testsuite> <!-- Test -->
