<?xml version="1.0" encoding="UTF-8"?>
<testng-results ignored="0" total="1" passed="1" failed="0" skipped="0">
  <reporter-output>
  </reporter-output>
  <suite started-at="2025-11-30T12:10:09 IST" name="Default suite" finished-at="2025-11-30T12:10:10 IST" duration-ms="80">
    <groups>
    </groups>
    <test started-at="2025-11-30T12:10:09 IST" name="Default test" finished-at="2025-11-30T12:10:10 IST" duration-ms="80">
      <class name="novembermonth.Assertion3">
        <test-method signature="testCase2()[pri:0, instance:novembermonth.Assertion3@399c4be1]" started-at="2025-11-30T12:10:10 IST" name="testCase2" finished-at="2025-11-30T12:10:10 IST" duration-ms="17" status="PASS">
          <reporter-output>
          </reporter-output>
        </test-method> <!-- testCase2 -->
      </class> <!-- novembermonth.Assertion3 -->
    </test> <!-- Default test -->
  </suite> <!-- Default suite -->
</testng-results>
